<?xml version="1.0" encoding="UTF-8"?>
<!-- Generated by org.testng.reporters.JUnitReportReporter -->
<testsuite hostname="liubo-Lenovo" name="org.elasticsearch.index.mapper.xcontent.DateAttachmentMapperTests" tests="1" failures="0" timestamp="3 Jan 2014 10:13:11 GMT" time="0.223" errors="0">
  <testcase name="testSimpleMappings" time="0.223" classname="org.elasticsearch.index.mapper.xcontent.DateAttachmentMapperTests"/>
</testsuite> <!-- org.elasticsearch.index.mapper.xcontent.DateAttachmentMapperTests -->
